⚠ Warning: Next.js inferred your workspace root, but it may not be correct.
 We detected multiple lockfiles and selected the directory of C:\Users\syed\package-lock.json as the root directory.
 To silence this warning, set `turbopack.root` in your Next.js config, or consider removing one of the lockfiles if it's not needed.
   See https://nextjs.org/docs/app/api-reference/config/next-config-js/turbopack#root-directory for more information.
 Detected additional lockfiles: 
   * C:\Users\syed\Downloads\callkaro-ai-v2\pnpm-workspace.yaml

[browser] Image with src "/images/services/i-corporate.webp" was detected as the Largest Contentful Paint (LCP). Please add the `loading="eager"` property if this image is above the fold.
Read more: https://nextjs.org/docs/app/api-reference/components/image#loading
[browser] Image with src "/images/services/i-corporate.webp" was detected as the Largest Contentful Paint (LCP). Please add the `loading="eager"` property if this image is above the fold.
Read more: https://nextjs.org/docs/app/api-reference/components/image#loading
[browser] Image with src "/images/services/i-corporate.webp" was detected as the Largest Contentful Paint (LCP). Please add the `loading="eager"` property if this image is above the fold.
Read more: https://nextjs.org/docs/app/api-reference/components/image#loading
[browser] Image with src "/images/services/i-corporate.webp" was detected as the Largest Contentful Paint (LCP). Please add the `loading="eager"` property if this image is above the fold.
Read more: https://nextjs.org/docs/app/api-reference/components/image#loading
[browser] Image with src "/images/about/hero-1.webp" was detected as the Largest Contentful Paint (LCP). Please add the `loading="eager"` property if this image is above the fold.
Read more: https://nextjs.org/docs/app/api-reference/components/image#loading
[browser] Image with src "/images/services/i-corporate.webp" was detected as the Largest Contentful Paint (LCP). Please add the `loading="eager"` property if this image is above the fold.
Read more: https://nextjs.org/docs/app/api-reference/components/image#loading

<--- Last few GCs --->

[35996:0000020E42C76000]  3118542 ms: Scavenge (interleaved) 15009.2 (16159.3) -> 15002.1 (16160.1) MB, pooled: 1 MB, 77.62 / 0.00 ms  (average mu = 0.189, current mu = 0.146) allocation failure; 
[35996:0000020E42C76000]  3128459 ms: Mark-Compact 15018.8 (16165.1) -> 14982.3 (16148.2) MB, pooled: 8 MB, 9815.50 / 35.67 ms  (average mu = 0.143, current mu = 0.094) allocation failure; scavenge might not succeed


<--- JS stacktrace --->

FATAL ERROR: Ineffective mark-compacts near heap limit Allocation failed - JavaScript heap out of memory
----- Native stack trace -----

 1: 00007FF76FE633D7 node::SetCppgcReference+21127
 2: 00007FF76FDC38AB v8::base::CPU::num_virtual_address_bits+102331
 3: 00007FF7709CC281 v8::Isolate::ReportExternalAllocationLimitReached+65
 4: 00007FF7709B8D46 v8::Function::Experimental_IsNopFunction+3302
 5: 00007FF7708154A0 v8::internal::StrongRootAllocatorBase::StrongRootAllocatorBase+33904
 6: 00007FF77080E8EA v8::internal::StrongRootAllocatorBase::StrongRootAllocatorBase+6330
 7: 00007FF77080A125 v8::CpuProfileNode::GetScriptResourceNameStr+190613
 8: 00007FF770193DCD BIO_ssl_shutdown+189
