
> callkaro-ai@1.0.0 dev
> next dev --turbopack

▲ Next.js 16.2.10 (Turbopack)
- Local:         http://localhost:3000
- Network:       http://192.168.1.9:3000
- Environments: .env.local
✓ Ready in 585ms
Creating turbopack project { dir: 'C:\\Users\\syed\\Downloads\\callkaro-ai-v2', testMode: true }

 GET / 200 in 1899ms (next.js: 671ms, application-code: 1228ms)
 GET /blog 200 in 306ms (next.js: 36ms, application-code: 270ms)
 GET /case-studies 200 in 112ms (next.js: 27ms, application-code: 85ms)
 GET /blog/ai-voice-agents-real-customer-calls 200 in 1342ms (next.js: 1020ms, generate-params: 947ms, application-code: 321ms)
 GET /features 200 in 154ms (next.js: 26ms, application-code: 128ms)
 GET /case-studies/education-demo-followups-ai-calls 200 in 1092ms (next.js: 911ms, generate-params: 879ms, application-code: 181ms)
 GET / 200 in 382ms (next.js: 32ms, application-code: 350ms)
 GET / 200 in 322ms (next.js: 3ms, application-code: 320ms)
 GET / 200 in 286ms (next.js: 5ms, application-code: 281ms)
 GET / 200 in 286ms (next.js: 78ms, application-code: 208ms)
 GET / 200 in 328ms (next.js: 114ms, application-code: 214ms)
 GET / 200 in 332ms (next.js: 38ms, application-code: 294ms)
 GET / 200 in 296ms (next.js: 3ms, application-code: 293ms)
 GET / 200 in 252ms (next.js: 5ms, application-code: 247ms)
 GET / 200 in 282ms (next.js: 4ms, application-code: 279ms)
 GET / 200 in 286ms (next.js: 41ms, application-code: 245ms)
 GET / 200 in 258ms (next.js: 77ms, application-code: 180ms)
 GET / 200 in 264ms (next.js: 43ms, application-code: 222ms)
 GET / 200 in 322ms (next.js: 3ms, application-code: 319ms)
 GET / 200 in 274ms (next.js: 3ms, application-code: 272ms)
 GET / 200 in 302ms (next.js: 40ms, application-code: 262ms)
 GET / 200 in 312ms (next.js: 4ms, application-code: 308ms)
 GET / 200 in 314ms (next.js: 79ms, application-code: 234ms)
 GET / 200 in 200ms (next.js: 36ms, application-code: 164ms)
 GET / 200 in 296ms (next.js: 4ms, application-code: 293ms)
 GET / 200 in 251ms (next.js: 6ms, application-code: 245ms)
 GET / 200 in 295ms (next.js: 4ms, application-code: 291ms)
 GET / 200 in 298ms (next.js: 35ms, application-code: 262ms)
 GET / 200 in 265ms (next.js: 43ms, application-code: 222ms)
 GET / 200 in 228ms (next.js: 52ms, application-code: 177ms)
 GET / 200 in 199ms (next.js: 3ms, application-code: 196ms)
 GET / 200 in 156ms (next.js: 3ms, application-code: 153ms)
 GET / 200 in 105ms (next.js: 4ms, application-code: 101ms)
 GET / 200 in 105ms (next.js: 34ms, application-code: 72ms)
 GET /blog?cms-smoke=1 200 in 169ms (next.js: 5ms, application-code: 164ms)
✓ Compiled in 244ms
 GET / 200 in 304ms (next.js: 40ms, application-code: 264ms)
 GET / 200 in 181ms (next.js: 20ms, application-code: 161ms)
 GET / 200 in 100ms (next.js: 34ms, application-code: 66ms)
 GET / 200 in 102ms (next.js: 3ms, application-code: 98ms)
 GET / 200 in 397ms (next.js: 60ms, application-code: 336ms)
 GET / 200 in 281ms (next.js: 7ms, application-code: 274ms)
 GET / 200 in 261ms (next.js: 3ms, application-code: 258ms)
 GET / 200 in 298ms (next.js: 39ms, application-code: 259ms)
 GET / 200 in 302ms (next.js: 79ms, application-code: 223ms)
 GET / 200 in 304ms (next.js: 116ms, application-code: 187ms)
 GET / 200 in 306ms (next.js: 4ms, application-code: 303ms)
 GET / 200 in 261ms (next.js: 4ms, application-code: 257ms)
 GET / 200 in 305ms (next.js: 4ms, application-code: 301ms)
 GET / 200 in 309ms (next.js: 117ms, application-code: 192ms)
 GET / 200 in 308ms (next.js: 75ms, application-code: 233ms)
 GET / 200 in 309ms (next.js: 42ms, application-code: 267ms)
 GET / 200 in 321ms (next.js: 7ms, application-code: 314ms)
 GET / 200 in 272ms (next.js: 3ms, application-code: 270ms)
 GET / 200 in 304ms (next.js: 3ms, application-code: 302ms)
 GET / 200 in 306ms (next.js: 37ms, application-code: 269ms)
 GET / 200 in 307ms (next.js: 74ms, application-code: 233ms)
 GET / 200 in 308ms (next.js: 107ms, application-code: 201ms)
 GET / 200 in 300ms (next.js: 3ms, application-code: 298ms)
 GET / 200 in 260ms (next.js: 5ms, application-code: 254ms)
 GET / 200 in 306ms (next.js: 3ms, application-code: 303ms)
 GET / 200 in 308ms (next.js: 70ms, application-code: 238ms)
 GET / 200 in 311ms (next.js: 40ms, application-code: 271ms)
 GET / 200 in 206ms (next.js: 23ms, application-code: 183ms)
 GET / 200 in 322ms (next.js: 5ms, application-code: 318ms)
 GET / 200 in 323ms (next.js: 44ms, application-code: 279ms)
 GET / 200 in 219ms (next.js: 4ms, application-code: 216ms)
 GET / 200 in 219ms (next.js: 37ms, application-code: 182ms)
 GET / 200 in 185ms (next.js: 59ms, application-code: 126ms)
 GET / 200 in 87ms (next.js: 15ms, application-code: 72ms)
✓ Compiled in 754ms
 GET / 200 in 550ms (next.js: 111ms, application-code: 439ms)
 GET / 200 in 363ms (next.js: 15ms, application-code: 348ms)
 GET / 200 in 629ms (next.js: 37ms, application-code: 592ms)
 GET / 200 in 633ms (next.js: 81ms, application-code: 553ms)
 GET / 200 in 636ms (next.js: 3ms, application-code: 632ms)
 GET / 200 in 646ms (next.js: 123ms, application-code: 523ms)
 GET / 200 in 156ms (next.js: 73ms, application-code: 82ms)
 GET / 200 in 656ms (next.js: 135ms, application-code: 521ms)
 GET / 200 in 219ms (next.js: 76ms, application-code: 143ms)
 GET / 200 in 222ms (next.js: 4ms, application-code: 218ms)
 GET / 200 in 221ms (next.js: 41ms, application-code: 180ms)
 GET / 200 in 681ms (next.js: 3ms, application-code: 679ms)
✓ Compiled in 264ms
 GET / 200 in 130ms (next.js: 42ms, application-code: 89ms)
✓ Compiled in 301ms
 GET / 200 in 138ms (next.js: 45ms, application-code: 93ms)
✓ Compiled in 746ms
 GET / 200 in 558ms (next.js: 41ms, application-code: 517ms)
 GET / 200 in 129ms (next.js: 49ms, application-code: 80ms)
 GET / 200 in 747ms (next.js: 111ms, application-code: 637ms)
 GET / 200 in 131ms (next.js: 8ms, application-code: 123ms)
 GET / 200 in 577ms (next.js: 3ms, application-code: 574ms)
✓ Compiled in 256ms
 GET / 200 in 130ms (next.js: 41ms, application-code: 89ms)
✓ Compiled in 550ms
 GET / 200 in 142ms (next.js: 36ms, application-code: 106ms)
✓ Compiled in 233ms
 GET / 200 in 676ms (next.js: 121ms, application-code: 556ms)
 GET / 200 in 891ms (next.js: 121ms, application-code: 770ms)
 GET / 200 in 178ms (next.js: 78ms, application-code: 99ms)
 GET / 200 in 179ms (next.js: 5ms, application-code: 174ms)
 GET / 200 in 705ms (next.js: 3ms, application-code: 702ms)
 GET / 200 in 194ms (next.js: 39ms, application-code: 155ms)
✓ Compiled in 198ms
 GET / 200 in 400ms (next.js: 38ms, application-code: 363ms)
 GET / 200 in 350ms (next.js: 3ms, application-code: 346ms)
 GET / 200 in 308ms (next.js: 3ms, application-code: 304ms)
 GET / 200 in 308ms (next.js: 36ms, application-code: 272ms)
 GET / 200 in 310ms (next.js: 108ms, application-code: 201ms)
 GET / 200 in 357ms (next.js: 71ms, application-code: 285ms)
 GET / 200 in 207ms (next.js: 3ms, application-code: 205ms)
 GET / 200 in 110ms (next.js: 42ms, application-code: 68ms)
 GET / 200 in 157ms (next.js: 4ms, application-code: 153ms)
 GET / 200 in 123ms (next.js: 16ms, application-code: 107ms)
 GET / 200 in 440ms (next.js: 42ms, application-code: 397ms)
 GET / 200 in 319ms (next.js: 2ms, application-code: 317ms)
 GET / 200 in 319ms (next.js: 3ms, application-code: 316ms)
 GET / 200 in 322ms (next.js: 40ms, application-code: 281ms)
 GET / 200 in 322ms (next.js: 77ms, application-code: 246ms)
 GET / 200 in 323ms (next.js: 111ms, application-code: 212ms)
 GET / 200 in 72ms (next.js: 5ms, application-code: 67ms)
 GET /industries 200 in 1001ms (next.js: 679ms, application-code: 322ms)
 GET /services 200 in 894ms (next.js: 561ms, application-code: 333ms)
 GET /services 200 in 327ms (next.js: 6ms, application-code: 321ms)
 GET /industries 200 in 305ms (next.js: 11ms, application-code: 294ms)
 GET /industries/healthcare 200 in 2.5s (next.js: 1951ms, generate-params: 1337ms, application-code: 575ms)
 GET / 200 in 310ms (next.js: 74ms, application-code: 236ms)
 GET /services 200 in 640ms (next.js: 72ms, application-code: 569ms)
 GET /services 200 in 187ms (next.js: 12ms, application-code: 175ms)
 GET /industries 200 in 476ms (next.js: 59ms, application-code: 416ms)
 GET /industries/healthcare 200 in 786ms (next.js: 72ms, generate-params: 10ms, application-code: 715ms)
 GET /industries 200 in 204ms (next.js: 10ms, application-code: 194ms)
[?25h
